<?xml version="1.0" encoding="UTF-8"?>
<testng-results ignored="0" total="1" passed="1" failed="0" skipped="0">
  <reporter-output>
  </reporter-output>
  <suite started-at="2022-07-05T18:09:08 IST" name="Default suite" finished-at="2022-07-05T18:09:13 IST" duration-ms="5223">
    <groups>
    </groups>
    <test started-at="2022-07-05T18:09:08 IST" name="Default test" finished-at="2022-07-05T18:09:13 IST" duration-ms="5223">
      <class name="restAssuredTests.SpecBuilderTest">
        <test-method signature="addApi()[pri:0, instance:restAssuredTests.SpecBuilderTest@28261e8e]" started-at="2022-07-05T18:09:08 IST" name="addApi" finished-at="2022-07-05T18:09:13 IST" duration-ms="5129" status="PASS">
          <reporter-output>
          </reporter-output>
        </test-method> <!-- addApi -->
      </class> <!-- restAssuredTests.SpecBuilderTest -->
    </test> <!-- Default test -->
  </suite> <!-- Default suite -->
</testng-results>
